144.959792137146
27754
1
1
143.6160593032837
27754
1
1
151.87886381149292
27754
1
1
184.54581260681152
27754
1
1
219.94346356391907
27754
1
1
285.3384668827057
27754
1
1
304.239218711853
27754
1
1
123.0954487323761
27754
1
1
149.739075422287
27754
1
1
144.17179775238037
27754
1
1
123.04327726364136
27754
1
1
126.89202427864075
27754
1
1
122.19580149650574
27754
1
1
121.14761519432068
27754
1
1
120.91488289833069
27754
1
1
121.08743739128113
27754
1
1
122.33871936798096
27754
1
1
122.04287672042847
27754
1
1
121.73032259941101
27754
1
1
121.35500407218933
27754
1
1
120.28649234771729
27754
1
1
130.06598329544067
27754
1
1
129.53691601753235
27754
1
1
